<?xml version="1.0" encoding="UTF-8"?>
<!-- Generated by org.testng.reporters.JUnitReportReporter -->
<testsuite hostname="DESKTOP-HACC8E7" failures="0" tests="1" name="testng.Unacademy" time="22.375" errors="0" timestamp="2021-07-12T15:35:18 IST" skipped="0">
  <testcase classname="testng.Unacademy" name="launchApplication" time="22.375"/>
  <system-out/>
</testsuite> <!-- testng.Unacademy -->
